<?xml version="1.0" encoding="UTF-8"?>
<!-- Generated by org.testng.reporters.JUnitXMLReporter -->
<testsuite ignored="11" hostname="PALLAV-PC" failures="5" tests="6" name="Test" time="258.23" errors="0" timestamp="2024-07-30T12:18:03 IST">
  <testcase classname="tc_repository.ORG_01" name="org01Tc" time="22.309">
    <failure type="java.lang.NullPointerException" message="Cannot invoke &amp;quot;org.openqa.selenium.WebElement.sendKeys(java.lang.CharSequence[])&amp;quot; because &amp;quot;this.orgName&amp;quot; is null">
      <![CDATA[java.lang.NullPointerException: Cannot invoke "org.openqa.selenium.WebElement.sendKeys(java.lang.CharSequence[])" because "this.orgName" is null
at objectRepository.CreatingNewOrganizationPage.createOrg(CreatingNewOrganizationPage.java:50)
at tc_repository.ORG_01.org01Tc(ORG_01.java:30)
at java.base/java.util.ArrayList.forEach(ArrayList.java:1511)
... Removed 27 stack frames]]>
    </failure>
  </testcase> <!-- org01Tc -->
  <testcase classname="tc_repository.ORG_02" name="org01Tc" time="22.555">
    <failure type="java.lang.NullPointerException" message="Cannot invoke &amp;quot;org.openqa.selenium.WebElement.sendKeys(java.lang.CharSequence[])&amp;quot; because &amp;quot;this.orgName&amp;quot; is null">
      <![CDATA[java.lang.NullPointerException: Cannot invoke "org.openqa.selenium.WebElement.sendKeys(java.lang.CharSequence[])" because "this.orgName" is null
at objectRepository.CreatingNewOrganizationPage.createOrg(CreatingNewOrganizationPage.java:58)
at tc_repository.ORG_02.org01Tc(ORG_02.java:33)
at java.base/java.util.ArrayList.forEach(ArrayList.java:1511)
... Removed 27 stack frames]]>
    </failure>
  </testcase> <!-- org01Tc -->
  <testcase classname="tc_repository.ORG_03" name="org01Tc" time="21.112">
    <failure type="java.lang.NullPointerException" message="Cannot invoke &amp;quot;org.openqa.selenium.WebElement.sendKeys(java.lang.CharSequence[])&amp;quot; because &amp;quot;this.orgName&amp;quot; is null">
      <![CDATA[java.lang.NullPointerException: Cannot invoke "org.openqa.selenium.WebElement.sendKeys(java.lang.CharSequence[])" because "this.orgName" is null
at objectRepository.CreatingNewOrganizationPage.createOrg(CreatingNewOrganizationPage.java:70)
at tc_repository.ORG_03.org01Tc(ORG_03.java:32)
at java.base/java.util.ArrayList.forEach(ArrayList.java:1511)
... Removed 27 stack frames]]>
    </failure>
  </testcase> <!-- org01Tc -->
  <testcase classname="tc_repository.ORG_04" name="org01Tc" time="21.267">
    <failure type="java.lang.NullPointerException" message="Cannot invoke &amp;quot;org.openqa.selenium.WebElement.sendKeys(java.lang.CharSequence[])&amp;quot; because &amp;quot;this.orgName&amp;quot; is null">
      <![CDATA[java.lang.NullPointerException: Cannot invoke "org.openqa.selenium.WebElement.sendKeys(java.lang.CharSequence[])" because "this.orgName" is null
at objectRepository.CreatingNewOrganizationPage.createOrg(CreatingNewOrganizationPage.java:81)
at tc_repository.ORG_04.org01Tc(ORG_04.java:36)
at java.base/java.util.ArrayList.forEach(ArrayList.java:1511)
... Removed 27 stack frames]]>
    </failure>
  </testcase> <!-- org01Tc -->
  <testcase classname="tc_repository.CON_02" name="con02Tc" time="37.0"/>
  <testcase classname="tc_repository.LE_02" name="le02Tc" time="0.247">
    <failure type="java.lang.NullPointerException" message="Cannot invoke &amp;quot;org.apache.poi.ss.usermodel.Row.getCell(int)&amp;quot; because the return value of &amp;quot;org.apache.poi.ss.usermodel.Sheet.getRow(int)&amp;quot; is null">
      <![CDATA[java.lang.NullPointerException: Cannot invoke "org.apache.poi.ss.usermodel.Row.getCell(int)" because the return value of "org.apache.poi.ss.usermodel.Sheet.getRow(int)" is null
at genericLibOrUtlity.ExcelUtlityOrLib.readDataFromExcel(ExcelUtlityOrLib.java:18)
at tc_repository.LE_02.le02Tc(LE_02.java:17)
at java.base/java.util.ArrayList.forEach(ArrayList.java:1511)
... Removed 27 stack frames]]>
    </failure>
  </testcase> <!-- le02Tc -->
  <testcase classname="tc_repository.LE_04" name="le04Tc" time="0.0">
    <ignored/>
  </testcase> <!-- le04Tc -->
  <testcase classname="tc_repository.LE_01" name="le01Tc" time="0.0">
    <ignored/>
  </testcase> <!-- le01Tc -->
  <testcase classname="tc_repository.LE_03" name="le03Tc" time="0.0">
    <ignored/>
  </testcase> <!-- le03Tc -->
  <testcase classname="genericLibOrUtlity.BaseClass" name="@AfterSuite closeDbConnection" time="0.0">
    <ignored/>
  </testcase> <!-- @AfterSuite closeDbConnection -->
  <testcase classname="genericLibOrUtlity.BaseClass" name="@AfterSuite closeDbConnection" time="0.0">
    <ignored/>
  </testcase> <!-- @AfterSuite closeDbConnection -->
  <testcase classname="genericLibOrUtlity.BaseClass" name="@AfterSuite closeDbConnection" time="0.0">
    <ignored/>
  </testcase> <!-- @AfterSuite closeDbConnection -->
  <testcase classname="genericLibOrUtlity.BaseClass" name="@AfterSuite closeDbConnection" time="0.0">
    <ignored/>
  </testcase> <!-- @AfterSuite closeDbConnection -->
  <testcase classname="genericLibOrUtlity.BaseClass" name="@AfterSuite closeDbConnection" time="0.0">
    <ignored/>
  </testcase> <!-- @AfterSuite closeDbConnection -->
  <testcase classname="genericLibOrUtlity.BaseClass" name="@AfterSuite closeDbConnection" time="0.0">
    <ignored/>
  </testcase> <!-- @AfterSuite closeDbConnection -->
  <testcase classname="genericLibOrUtlity.BaseClass" name="@AfterSuite closeDbConnection" time="0.0">
    <ignored/>
  </testcase> <!-- @AfterSuite closeDbConnection -->
  <testcase classname="genericLibOrUtlity.BaseClass" name="@AfterSuite closeDbConnection" time="0.0">
    <ignored/>
  </testcase> <!-- @AfterSuite closeDbConnection -->
</testsuite> <!-- Test -->
