<?xml version="1.0" encoding="UTF-8"?>
<testng-results ignored="0" total="1" passed="0" failed="1" skipped="0">
  <reporter-output>
  </reporter-output>
  <suite started-at="2024-08-01T11:55:22 IST" name="Default suite" finished-at="2024-08-01T11:57:12 IST" duration-ms="109977">
    <groups>
    </groups>
    <test started-at="2024-08-01T11:55:22 IST" name="Default test" finished-at="2024-08-01T11:57:12 IST" duration-ms="109977">
      <class name="tc_repository.LE_01">
        <test-method is-config="true" signature="createDbConnection()[pri:0, instance:tc_repository.LE_01@13fd2ccd]" started-at="2024-08-01T11:55:22 IST" name="createDbConnection" finished-at="2024-08-01T11:55:22 IST" duration-ms="38" status="PASS">
          <reporter-output>
          </reporter-output>
        </test-method> <!-- createDbConnection -->
        <test-method is-config="true" signature="launchBrowser()[pri:0, instance:tc_repository.LE_01@13fd2ccd]" started-at="2024-08-01T11:55:22 IST" name="launchBrowser" finished-at="2024-08-01T11:55:48 IST" duration-ms="25567" status="PASS">
          <reporter-output>
          </reporter-output>
        </test-method> <!-- launchBrowser -->
        <test-method is-config="true" signature="loginOperation()[pri:0, instance:tc_repository.LE_01@13fd2ccd]" started-at="2024-08-01T11:55:48 IST" name="loginOperation" finished-at="2024-08-01T11:56:15 IST" duration-ms="26940" status="PASS">
          <reporter-output>
          </reporter-output>
        </test-method> <!-- loginOperation -->
        <test-method signature="le01Tc()[pri:0, instance:tc_repository.LE_01@13fd2ccd]" started-at="2024-08-01T11:56:15 IST" name="le01Tc" finished-at="2024-08-01T11:57:05 IST" duration-ms="50350" status="FAIL">
          <exception class="java.lang.NullPointerException">
            <message>
              <![CDATA[Cannot invoke "org.openqa.selenium.WebElement.sendKeys(java.lang.CharSequence[])" because "this.firstName" is null]]>
            </message>
            <full-stacktrace>
              <![CDATA[java.lang.NullPointerException: Cannot invoke "org.openqa.selenium.WebElement.sendKeys(java.lang.CharSequence[])" because "this.firstName" is null
at objectRepository.CreatingNewLeadPage.createLead(CreatingNewLeadPage.java:147)
at tc_repository.LE_01.le01Tc(LE_01.java:30)
at java.base/jdk.internal.reflect.NativeMethodAccessorImpl.invoke0(Native Method)
at java.base/jdk.internal.reflect.NativeMethodAccessorImpl.invoke(NativeMethodAccessorImpl.java:77)
at java.base/jdk.internal.reflect.DelegatingMethodAccessorImpl.invoke(DelegatingMethodAccessorImpl.java:43)
at java.base/java.lang.reflect.Method.invoke(Method.java:568)
at org.testng.internal.MethodInvocationHelper.invokeMethod(MethodInvocationHelper.java:133)
at org.testng.internal.TestInvoker.invokeMethod(TestInvoker.java:598)
at org.testng.internal.TestInvoker.invokeTestMethod(TestInvoker.java:173)
at org.testng.internal.MethodRunner.runInSequence(MethodRunner.java:46)
at org.testng.internal.TestInvoker$MethodInvocationAgent.invoke(TestInvoker.java:824)
at org.testng.internal.TestInvoker.invokeTestMethods(TestInvoker.java:146)
at org.testng.internal.TestMethodWorker.invokeTestMethods(TestMethodWorker.java:146)
at org.testng.internal.TestMethodWorker.run(TestMethodWorker.java:128)
at java.base/java.util.ArrayList.forEach(ArrayList.java:1511)
at org.testng.TestRunner.privateRun(TestRunner.java:794)
at org.testng.TestRunner.run(TestRunner.java:596)
at org.testng.SuiteRunner.runTest(SuiteRunner.java:377)
at org.testng.SuiteRunner.runSequentially(SuiteRunner.java:371)
at org.testng.SuiteRunner.privateRun(SuiteRunner.java:332)
at org.testng.SuiteRunner.run(SuiteRunner.java:276)
at org.testng.SuiteRunnerWorker.runSuite(SuiteRunnerWorker.java:53)
at org.testng.SuiteRunnerWorker.run(SuiteRunnerWorker.java:96)
at org.testng.TestNG.runSuitesSequentially(TestNG.java:1212)
at org.testng.TestNG.runSuitesLocally(TestNG.java:1134)
at org.testng.TestNG.runSuites(TestNG.java:1063)
at org.testng.TestNG.run(TestNG.java:1031)
at org.testng.remote.AbstractRemoteTestNG.run(AbstractRemoteTestNG.java:115)
at org.testng.remote.RemoteTestNG.initAndRun(RemoteTestNG.java:293)
at org.testng.remote.RemoteTestNG.main(RemoteTestNG.java:91)
]]>
            </full-stacktrace>
          </exception> <!-- java.lang.NullPointerException -->
          <reporter-output>
          </reporter-output>
        </test-method> <!-- le01Tc -->
        <test-method is-config="true" signature="logoutOperation()[pri:0, instance:tc_repository.LE_01@13fd2ccd]" started-at="2024-08-01T11:57:05 IST" name="logoutOperation" finished-at="2024-08-01T11:57:12 IST" duration-ms="6491" status="PASS">
          <reporter-output>
          </reporter-output>
        </test-method> <!-- logoutOperation -->
        <test-method is-config="true" signature="closeBrowser()[pri:0, instance:tc_repository.LE_01@13fd2ccd]" started-at="2024-08-01T11:57:12 IST" name="closeBrowser" finished-at="2024-08-01T11:57:12 IST" duration-ms="481" status="PASS">
          <reporter-output>
          </reporter-output>
        </test-method> <!-- closeBrowser -->
        <test-method is-config="true" signature="closeDbConnection()[pri:0, instance:tc_repository.LE_01@13fd2ccd]" started-at="2024-08-01T11:57:12 IST" name="closeDbConnection" finished-at="2024-08-01T11:57:12 IST" duration-ms="16" status="PASS">
          <reporter-output>
          </reporter-output>
        </test-method> <!-- closeDbConnection -->
      </class> <!-- tc_repository.LE_01 -->
    </test> <!-- Default test -->
  </suite> <!-- Default suite -->
</testng-results>
